This is pdfTeX, Version 3.141592653-2.6-1.40.24 (TeX Live 2022) (preloaded format=pdflatex 2023.1.19)  20 JAN 2023 09:54
entering extended mode
 restricted \write18 enabled.
 %&-line parsing enabled.
**_main.tex
(./_main.tex
LaTeX2e <2022-11-01> patch level 1
L3 programming layer <2023-01-16> (c:/Users/deivi/AppData/Roaming/TinyTeX/texmf-dist/tex/latex/base/book.cls
Document Class: book 2022/07/02 v1.4n Standard LaTeX document class
(c:/Users/deivi/AppData/Roaming/TinyTeX/texmf-dist/tex/latex/base/bk10.clo
File: bk10.clo 2022/07/02 v1.4n Standard LaTeX file (size option)
)
\c@part=\count185
\c@chapter=\count186
\c@section=\count187
\c@subsection=\count188
\c@subsubsection=\count189
\c@paragraph=\count190
\c@subparagraph=\count191
\c@figure=\count192
\c@table=\count193
\abovecaptionskip=\skip48
\belowcaptionskip=\skip49
\bibindent=\dimen140
) (c:/Users/deivi/AppData/Roaming/TinyTeX/texmf-dist/tex/latex/amsmath/amsmath.sty
Package: amsmath 2022/04/08 v2.17n AMS math features
\@mathmargin=\skip50
For additional information on amsmath, use the `?' option.
(c:/Users/deivi/AppData/Roaming/TinyTeX/texmf-dist/tex/latex/amsmath/amstext.sty
Package: amstext 2021/08/26 v2.01 AMS text
(c:/Users/deivi/AppData/Roaming/TinyTeX/texmf-dist/tex/latex/amsmath/amsgen.sty
File: amsgen.sty 1999/11/30 v2.0 generic functions
\@emptytoks=\toks16
\ex@=\dimen141
)) (c:/Users/deivi/AppData/Roaming/TinyTeX/texmf-dist/tex/latex/amsmath/amsbsy.sty
Package: amsbsy 1999/11/29 v1.2d Bold Symbols
\pmbraise@=\dimen142
) (c:/Users/deivi/AppData/Roaming/TinyTeX/texmf-dist/tex/latex/amsmath/amsopn.sty
Package: amsopn 2022/04/08 v2.04 operator names
)
\inf@bad=\count194
LaTeX Info: Redefining \frac on input line 234.
\uproot@=\count195
\leftroot@=\count196
LaTeX Info: Redefining \overline on input line 399.
LaTeX Info: Redefining \colon on input line 410.
\classnum@=\count197
\DOTSCASE@=\count198
LaTeX Info: Redefining \ldots on input line 496.
LaTeX Info: Redefining \dots on input line 499.
LaTeX Info: Redefining \cdots on input line 620.
\Mathstrutbox@=\box51
\strutbox@=\box52
LaTeX Info: Redefining \big on input line 722.
LaTeX Info: Redefining \Big on input line 723.
LaTeX Info: Redefining \bigg on input line 724.
LaTeX Info: Redefining \Bigg on input line 725.
\big@size=\dimen143
LaTeX Font Info:    Redeclaring font encoding OML on input line 743.
LaTeX Font Info:    Redeclaring font encoding OMS on input line 744.
\macc@depth=\count199
LaTeX Info: Redefining \bmod on input line 905.
LaTeX Info: Redefining \pmod on input line 910.
LaTeX Info: Redefining \smash on input line 940.
LaTeX Info: Redefining \relbar on input line 970.
LaTeX Info: Redefining \Relbar on input line 971.
\c@MaxMatrixCols=\count266
\dotsspace@=\muskip16
\c@parentequation=\count267
\dspbrk@lvl=\count268
\tag@help=\toks17
\row@=\count269
\column@=\count270
\maxfields@=\count271
\andhelp@=\toks18
\eqnshift@=\dimen144
\alignsep@=\dimen145
\tagshift@=\dimen146
\tagwidth@=\dimen147
\totwidth@=\dimen148
\lineht@=\dimen149
\@envbody=\toks19
\multlinegap=\skip51
\multlinetaggap=\skip52
\mathdisplay@stack=\toks20
LaTeX Info: Redefining \[ on input line 2953.
LaTeX Info: Redefining \] on input line 2954.
) (c:/Users/deivi/AppData/Roaming/TinyTeX/texmf-dist/tex/latex/amsfonts/amssymb.sty
Package: amssymb 2013/01/14 v3.01 AMS font symbols
(c:/Users/deivi/AppData/Roaming/TinyTeX/texmf-dist/tex/latex/amsfonts/amsfonts.sty
Package: amsfonts 2013/01/14 v3.01 Basic AMSFonts support
\symAMSa=\mathgroup4
\symAMSb=\mathgroup5
LaTeX Font Info:    Redeclaring math symbol \hbar on input line 98.
LaTeX Font Info:    Overwriting math alphabet `\mathfrak' in version `bold'
(Font)                  U/euf/m/n --> U/euf/b/n on input line 106.
)) (c:/Users/deivi/AppData/Roaming/TinyTeX/texmf-dist/tex/latex/lm/lmodern.sty
Package: lmodern 2015/05/01 v1.6.1 Latin Modern Fonts
LaTeX Font Info:    Overwriting symbol font `operators' in version `normal'
(Font)                  OT1/cmr/m/n --> OT1/lmr/m/n on input line 22.
LaTeX Font Info:    Overwriting symbol font `letters' in version `normal'
(Font)                  OML/cmm/m/it --> OML/lmm/m/it on input line 23.
LaTeX Font Info:    Overwriting symbol font `symbols' in version `normal'
(Font)                  OMS/cmsy/m/n --> OMS/lmsy/m/n on input line 24.
LaTeX Font Info:    Overwriting symbol font `largesymbols' in version `normal'
(Font)                  OMX/cmex/m/n --> OMX/lmex/m/n on input line 25.
LaTeX Font Info:    Overwriting symbol font `operators' in version `bold'
(Font)                  OT1/cmr/bx/n --> OT1/lmr/bx/n on input line 26.
LaTeX Font Info:    Overwriting symbol font `letters' in version `bold'
(Font)                  OML/cmm/b/it --> OML/lmm/b/it on input line 27.
LaTeX Font Info:    Overwriting symbol font `symbols' in version `bold'
(Font)                  OMS/cmsy/b/n --> OMS/lmsy/b/n on input line 28.
LaTeX Font Info:    Overwriting symbol font `largesymbols' in version `bold'
(Font)                  OMX/cmex/m/n --> OMX/lmex/m/n on input line 29.
LaTeX Font Info:    Overwriting math alphabet `\mathbf' in version `normal'
(Font)                  OT1/cmr/bx/n --> OT1/lmr/bx/n on input line 31.
LaTeX Font Info:    Overwriting math alphabet `\mathsf' in version `normal'
(Font)                  OT1/cmss/m/n --> OT1/lmss/m/n on input line 32.
LaTeX Font Info:    Overwriting math alphabet `\mathit' in version `normal'
(Font)                  OT1/cmr/m/it --> OT1/lmr/m/it on input line 33.
LaTeX Font Info:    Overwriting math alphabet `\mathtt' in version `normal'
(Font)                  OT1/cmtt/m/n --> OT1/lmtt/m/n on input line 34.
LaTeX Font Info:    Overwriting math alphabet `\mathbf' in version `bold'
(Font)                  OT1/cmr/bx/n --> OT1/lmr/bx/n on input line 35.
LaTeX Font Info:    Overwriting math alphabet `\mathsf' in version `bold'
(Font)                  OT1/cmss/bx/n --> OT1/lmss/bx/n on input line 36.
LaTeX Font Info:    Overwriting math alphabet `\mathit' in version `bold'
(Font)                  OT1/cmr/bx/it --> OT1/lmr/bx/it on input line 37.
LaTeX Font Info:    Overwriting math alphabet `\mathtt' in version `bold'
(Font)                  OT1/cmtt/m/n --> OT1/lmtt/m/n on input line 38.
) (c:/Users/deivi/AppData/Roaming/TinyTeX/texmf-dist/tex/generic/iftex/iftex.sty
Package: iftex 2022/02/03 v1.0f TeX engine tests
) (c:/Users/deivi/AppData/Roaming/TinyTeX/texmf-dist/tex/latex/base/fontenc.sty
Package: fontenc 2021/04/29 v2.0v Standard LaTeX package
LaTeX Font Info:    Trying to load font information for T1+lmr on input line 112.
(c:/Users/deivi/AppData/Roaming/TinyTeX/texmf-dist/tex/latex/lm/t1lmr.fd
File: t1lmr.fd 2015/05/01 v1.6.1 Font defs for Latin Modern
)) (c:/Users/deivi/AppData/Roaming/TinyTeX/texmf-dist/tex/latex/base/inputenc.sty
Package: inputenc 2021/02/14 v1.3d Input encoding file
\inpenc@prehook=\toks21
\inpenc@posthook=\toks22
) (c:/Users/deivi/AppData/Roaming/TinyTeX/texmf-dist/tex/latex/base/textcomp.sty
Package: textcomp 2020/02/02 v2.0n Standard LaTeX package
) (c:/Users/deivi/AppData/Roaming/TinyTeX/texmf-dist/tex/latex/xcolor/xcolor.sty
Package: xcolor 2022/06/12 v2.14 LaTeX color extensions (UK)
(c:/Users/deivi/AppData/Roaming/TinyTeX/texmf-dist/tex/latex/graphics-cfg/color.cfg
File: color.cfg 2016/01/02 v1.6 sample color configuration
)
Package xcolor Info: Driver file: pdftex.def on input line 227.
(c:/Users/deivi/AppData/Roaming/TinyTeX/texmf-dist/tex/latex/graphics-def/pdftex.def
File: pdftex.def 2022/09/22 v1.2b Graphics/color driver for pdftex
) (c:/Users/deivi/AppData/Roaming/TinyTeX/texmf-dist/tex/latex/graphics/mathcolor.ltx)
Package xcolor Info: Model `cmy' substituted by `cmy0' on input line 1353.
Package xcolor Info: Model `hsb' substituted by `rgb' on input line 1357.
Package xcolor Info: Model `RGB' extended on input line 1369.
Package xcolor Info: Model `HTML' substituted by `rgb' on input line 1371.
Package xcolor Info: Model `Hsb' substituted by `hsb' on input line 1372.
Package xcolor Info: Model `tHsb' substituted by `hsb' on input line 1373.
Package xcolor Info: Model `HSB' substituted by `hsb' on input line 1374.
Package xcolor Info: Model `Gray' substituted by `gray' on input line 1375.
Package xcolor Info: Model `wave' substituted by `hsb' on input line 1376.
) (c:/Users/deivi/AppData/Roaming/TinyTeX/texmf-dist/tex/latex/geometry/geometry.sty
Package: geometry 2020/01/02 v5.9 Page Geometry
(c:/Users/deivi/AppData/Roaming/TinyTeX/texmf-dist/tex/latex/graphics/keyval.sty
Package: keyval 2022/05/29 v1.15 key=value parser (DPC)
\KV@toks@=\toks23
) (c:/Users/deivi/AppData/Roaming/TinyTeX/texmf-dist/tex/generic/iftex/ifvtex.sty
Package: ifvtex 2019/10/25 v1.7 ifvtex legacy package. Use iftex instead.
)
\Gm@cnth=\count272
\Gm@cntv=\count273
\c@Gm@tempcnt=\count274
\Gm@bindingoffset=\dimen150
\Gm@wd@mp=\dimen151
\Gm@odd@mp=\dimen152
\Gm@even@mp=\dimen153
\Gm@layoutwidth=\dimen154
\Gm@layoutheight=\dimen155
\Gm@layouthoffset=\dimen156
\Gm@layoutvoffset=\dimen157
\Gm@dimlist=\toks24
) (c:/Users/deivi/AppData/Roaming/TinyTeX/texmf-dist/tex/latex/fancyvrb/fancyvrb.sty
Package: fancyvrb 2023/01/19 4.5a verbatim text (tvz,hv)
\FV@CodeLineNo=\count275
\FV@InFile=\read2
\FV@TabBox=\box53
\c@FancyVerbLine=\count276
\FV@StepNumber=\count277
\FV@OutFile=\write3
) (c:/Users/deivi/AppData/Roaming/TinyTeX/texmf-dist/tex/latex/framed/framed.sty
Package: framed 2011/10/22 v 0.96: framed or shaded text with page breaks
\OuterFrameSep=\skip53
\fb@frw=\dimen158
\fb@frh=\dimen159
\FrameRule=\dimen160
\FrameSep=\dimen161
) (c:/Users/deivi/AppData/Roaming/TinyTeX/texmf-dist/tex/latex/tools/longtable.sty
Package: longtable 2021-09-01 v4.17 Multi-page Table package (DPC)
\LTleft=\skip54
\LTright=\skip55
\LTpre=\skip56
\LTpost=\skip57
\LTchunksize=\count278
\LTcapwidth=\dimen162
\LT@head=\box54
\LT@firsthead=\box55
\LT@foot=\box56
\LT@lastfoot=\box57
\LT@gbox=\box58
\LT@cols=\count279
\LT@rows=\count280
\c@LT@tables=\count281
\c@LT@chunks=\count282
\LT@p@ftn=\toks25
) (c:/Users/deivi/AppData/Roaming/TinyTeX/texmf-dist/tex/latex/booktabs/booktabs.sty
Package: booktabs 2020/01/12 v1.61803398 Publication quality tables
\heavyrulewidth=\dimen163
\lightrulewidth=\dimen164
\cmidrulewidth=\dimen165
\belowrulesep=\dimen166
\belowbottomsep=\dimen167
\aboverulesep=\dimen168
\abovetopsep=\dimen169
\cmidrulesep=\dimen170
\cmidrulekern=\dimen171
\defaultaddspace=\dimen172
\@cmidla=\count283
\@cmidlb=\count284
\@aboverulesep=\dimen173
\@belowrulesep=\dimen174
\@thisruleclass=\count285
\@lastruleclass=\count286
\@thisrulewidth=\dimen175
) (c:/Users/deivi/AppData/Roaming/TinyTeX/texmf-dist/tex/latex/tools/array.sty
Package: array 2022/09/04 v2.5g Tabular extension package (FMi)
\col@sep=\dimen176
\ar@mcellbox=\box59
\extrarowheight=\dimen177
\NC@list=\toks26
\extratabsurround=\skip58
\backup@length=\skip59
\ar@cellbox=\box60
) (c:/Users/deivi/AppData/Roaming/TinyTeX/texmf-dist/tex/latex/tools/calc.sty
Package: calc 2017/05/25 v4.3 Infix arithmetic (KKT,FJ)
\calc@Acount=\count287
\calc@Bcount=\count288
\calc@Adimen=\dimen178
\calc@Bdimen=\dimen179
\calc@Askip=\skip60
\calc@Bskip=\skip61
LaTeX Info: Redefining \setlength on input line 80.
LaTeX Info: Redefining \addtolength on input line 81.
\calc@Ccount=\count289
\calc@Cskip=\skip62
) (c:/Users/deivi/AppData/Roaming/TinyTeX/texmf-dist/tex/latex/etoolbox/etoolbox.sty
Package: etoolbox 2020/10/05 v2.5k e-TeX tools for LaTeX (JAW)
\etb@tempcnta=\count290
) (c:/Users/deivi/AppData/Roaming/TinyTeX/texmf-dist/tex/latex/mdwtools/footnote.sty
Package: footnote 1997/01/28 1.13 Save footnotes around boxes
\fn@notes=\box61
\fn@width=\dimen180
) (c:/Users/deivi/AppData/Roaming/TinyTeX/texmf-dist/tex/latex/graphics/graphicx.sty
Package: graphicx 2021/09/16 v1.2d Enhanced LaTeX Graphics (DPC,SPQR)
(c:/Users/deivi/AppData/Roaming/TinyTeX/texmf-dist/tex/latex/graphics/graphics.sty
Package: graphics 2022/03/10 v1.4e Standard LaTeX Graphics (DPC,SPQR)
(c:/Users/deivi/AppData/Roaming/TinyTeX/texmf-dist/tex/latex/graphics/trig.sty
Package: trig 2021/08/11 v1.11 sin cos tan (DPC)
) (c:/Users/deivi/AppData/Roaming/TinyTeX/texmf-dist/tex/latex/graphics-cfg/graphics.cfg
File: graphics.cfg 2016/06/04 v1.11 sample graphics configuration
)
Package graphics Info: Driver file: pdftex.def on input line 107.
)
\Gin@req@height=\dimen181
\Gin@req@width=\dimen182
) (c:/Users/deivi/AppData/Roaming/TinyTeX/texmf-dist/tex/latex/base/fontenc.sty
Package: fontenc 2021/04/29 v2.0v Standard LaTeX package
) (c:/Users/deivi/AppData/Roaming/TinyTeX/texmf-dist/tex/generic/babel/babel.sty
Package: babel 2022/12/26 3.84 The Babel package
\babel@savecnt=\count291
\U@D=\dimen183
\l@unhyphenated=\language3
(c:/Users/deivi/AppData/Roaming/TinyTeX/texmf-dist/tex/generic/babel/txtbabel.def)
\bbl@readstream=\read3
\bbl@dirlevel=\count292
(c:/Users/deivi/AppData/Roaming/TinyTeX/texmf-dist/tex/generic/babel-spanish/spanish.ldf
Language: spanish.ldf 2021/05/27 v5.0q Spanish support from the babel system

Package babel Warning: No hyphenation patterns were preloaded for
(babel)                the language 'Spanish' into the format.
(babel)                Please, configure your TeX system to add them and
(babel)                rebuild the format. Now I will use the patterns
(babel)                preloaded for \language=0 instead on input line 51.

Package babel Info: Hyphen rules for 'spanish' set to \l@english
(babel)             (\language0). Reported on input line 52.
\es@quottoks=\toks27
\es@quotdepth=\count293
Package babel Info: Making " an active character on input line 570.
Package babel Info: Making < an active character on input line 722.
Package babel Info: Making > an active character on input line 722.
)) (c:/Users/deivi/AppData/Roaming/TinyTeX/texmf-dist/tex/generic/babel/locale/es/babel-spanish.tex
Package babel Info: Importing font and identification data for spanish
(babel)             from babel-es.ini. Reported on input line 11.
) (c:/Users/deivi/AppData/Roaming/TinyTeX/texmf-dist/tex/latex/pgf/frontendlayer/tikz.sty (c:/Users/deivi/AppData/Roaming/TinyTeX/texmf-dist/tex/latex/pgf/basiclayer/pgf.sty (c:/Users/deivi/AppData/Roaming/TinyTeX/texmf-dist/tex/latex/pgf/utilities/pgfrcs.sty (c:/Users/deivi/AppData/Roaming/TinyTeX/texmf-dist/tex/generic/pgf/utilities/pgfutil-common.tex
\pgfutil@everybye=\toks28
\pgfutil@tempdima=\dimen184
\pgfutil@tempdimb=\dimen185
) (c:/Users/deivi/AppData/Roaming/TinyTeX/texmf-dist/tex/generic/pgf/utilities/pgfutil-latex.def
\pgfutil@abb=\box62
) (c:/Users/deivi/AppData/Roaming/TinyTeX/texmf-dist/tex/generic/pgf/utilities/pgfrcs.code.tex (c:/Users/deivi/AppData/Roaming/TinyTeX/texmf-dist/tex/generic/pgf/pgf.revision.tex)
Package: pgfrcs 2023-01-15 v3.1.10 (3.1.10)
))
Package: pgf 2023-01-15 v3.1.10 (3.1.10)
(c:/Users/deivi/AppData/Roaming/TinyTeX/texmf-dist/tex/latex/pgf/basiclayer/pgfcore.sty (c:/Users/deivi/AppData/Roaming/TinyTeX/texmf-dist/tex/latex/pgf/systemlayer/pgfsys.sty (c:/Users/deivi/AppData/Roaming/TinyTeX/texmf-dist/tex/generic/pgf/systemlayer/pgfsys.code.tex
Package: pgfsys 2023-01-15 v3.1.10 (3.1.10)
(c:/Users/deivi/AppData/Roaming/TinyTeX/texmf-dist/tex/generic/pgf/utilities/pgfkeys.code.tex
\pgfkeys@pathtoks=\toks29
\pgfkeys@temptoks=\toks30
(c:/Users/deivi/AppData/Roaming/TinyTeX/texmf-dist/tex/generic/pgf/utilities/pgfkeyslibraryfiltered.code.tex
\pgfkeys@tmptoks=\toks31
))
\pgf@x=\dimen186
\pgf@y=\dimen187
\pgf@xa=\dimen188
\pgf@ya=\dimen189
\pgf@xb=\dimen190
\pgf@yb=\dimen191
\pgf@xc=\dimen192
\pgf@yc=\dimen193
\pgf@xd=\dimen194
\pgf@yd=\dimen195
\w@pgf@writea=\write4
\r@pgf@reada=\read4
\c@pgf@counta=\count294
\c@pgf@countb=\count295
\c@pgf@countc=\count296
\c@pgf@countd=\count297
\t@pgf@toka=\toks32
\t@pgf@tokb=\toks33
\t@pgf@tokc=\toks34
\pgf@sys@id@count=\count298
(c:/Users/deivi/AppData/Roaming/TinyTeX/texmf-dist/tex/generic/pgf/systemlayer/pgf.cfg
File: pgf.cfg 2023-01-15 v3.1.10 (3.1.10)
)
Driver file for pgf: pgfsys-pdftex.def
(c:/Users/deivi/AppData/Roaming/TinyTeX/texmf-dist/tex/generic/pgf/systemlayer/pgfsys-pdftex.def
File: pgfsys-pdftex.def 2023-01-15 v3.1.10 (3.1.10)
(c:/Users/deivi/AppData/Roaming/TinyTeX/texmf-dist/tex/generic/pgf/systemlayer/pgfsys-common-pdf.def
File: pgfsys-common-pdf.def 2023-01-15 v3.1.10 (3.1.10)
))) (c:/Users/deivi/AppData/Roaming/TinyTeX/texmf-dist/tex/generic/pgf/systemlayer/pgfsyssoftpath.code.tex
File: pgfsyssoftpath.code.tex 2023-01-15 v3.1.10 (3.1.10)
\pgfsyssoftpath@smallbuffer@items=\count299
\pgfsyssoftpath@bigbuffer@items=\count300
) (c:/Users/deivi/AppData/Roaming/TinyTeX/texmf-dist/tex/generic/pgf/systemlayer/pgfsysprotocol.code.tex
File: pgfsysprotocol.code.tex 2023-01-15 v3.1.10 (3.1.10)
)) (c:/Users/deivi/AppData/Roaming/TinyTeX/texmf-dist/tex/generic/pgf/basiclayer/pgfcore.code.tex
Package: pgfcore 2023-01-15 v3.1.10 (3.1.10)
(c:/Users/deivi/AppData/Roaming/TinyTeX/texmf-dist/tex/generic/pgf/math/pgfmath.code.tex (c:/Users/deivi/AppData/Roaming/TinyTeX/texmf-dist/tex/generic/pgf/math/pgfmathutil.code.tex) (c:/Users/deivi/AppData/Roaming/TinyTeX/texmf-dist/tex/generic/pgf/math/pgfmathparser.code.tex
\pgfmath@dimen=\dimen196
\pgfmath@count=\count301
\pgfmath@box=\box63
\pgfmath@toks=\toks35
\pgfmath@stack@operand=\toks36
\pgfmath@stack@operation=\toks37
) (c:/Users/deivi/AppData/Roaming/TinyTeX/texmf-dist/tex/generic/pgf/math/pgfmathfunctions.code.tex) (c:/Users/deivi/AppData/Roaming/TinyTeX/texmf-dist/tex/generic/pgf/math/pgfmathfunctions.basic.code.tex) (c:/Users/deivi/AppData/Roaming/TinyTeX/texmf-dist/tex/generic/pgf/math/pgfmathfunctions.trigonometric.code.tex) (c:/Users/deivi/AppData/Roaming/TinyTeX/texmf-dist/tex/generic/pgf/math/pgfmathfunctions.random.code.tex) (c:/Users/deivi/AppData/Roaming/TinyTeX/texmf-dist/tex/generic/pgf/math/pgfmathfunctions.comparison.code.tex) (c:/Users/deivi/AppData/Roaming/TinyTeX/texmf-dist/tex/generic/pgf/math/pgfmathfunctions.base.code.tex) (c:/Users/deivi/AppData/Roaming/TinyTeX/texmf-dist/tex/generic/pgf/math/pgfmathfunctions.round.code.tex) (c:/Users/deivi/AppData/Roaming/TinyTeX/texmf-dist/tex/generic/pgf/math/pgfmathfunctions.misc.code.tex) (c:/Users/deivi/AppData/Roaming/TinyTeX/texmf-dist/tex/generic/pgf/math/pgfmathfunctions.integerarithmetics.code.tex) (c:/Users/deivi/AppData/Roaming/TinyTeX/texmf-dist/tex/generic/pgf/math/pgfmathcalc.code.tex) (c:/Users/deivi/AppData/Roaming/TinyTeX/texmf-dist/tex/generic/pgf/math/pgfmathfloat.code.tex
\c@pgfmathroundto@lastzeros=\count302
)) (c:/Users/deivi/AppData/Roaming/TinyTeX/texmf-dist/tex/generic/pgf/math/pgfint.code.tex) (c:/Users/deivi/AppData/Roaming/TinyTeX/texmf-dist/tex/generic/pgf/basiclayer/pgfcorepoints.code.tex
File: pgfcorepoints.code.tex 2023-01-15 v3.1.10 (3.1.10)
\pgf@picminx=\dimen197
\pgf@picmaxx=\dimen198
\pgf@picminy=\dimen199
\pgf@picmaxy=\dimen256
\pgf@pathminx=\dimen257
\pgf@pathmaxx=\dimen258
\pgf@pathminy=\dimen259
\pgf@pathmaxy=\dimen260
\pgf@xx=\dimen261
\pgf@xy=\dimen262
\pgf@yx=\dimen263
\pgf@yy=\dimen264
\pgf@zx=\dimen265
\pgf@zy=\dimen266
) (c:/Users/deivi/AppData/Roaming/TinyTeX/texmf-dist/tex/generic/pgf/basiclayer/pgfcorepathconstruct.code.tex
File: pgfcorepathconstruct.code.tex 2023-01-15 v3.1.10 (3.1.10)
\pgf@path@lastx=\dimen267
\pgf@path@lasty=\dimen268
) (c:/Users/deivi/AppData/Roaming/TinyTeX/texmf-dist/tex/generic/pgf/basiclayer/pgfcorepathusage.code.tex
File: pgfcorepathusage.code.tex 2023-01-15 v3.1.10 (3.1.10)
\pgf@shorten@end@additional=\dimen269
\pgf@shorten@start@additional=\dimen270
) (c:/Users/deivi/AppData/Roaming/TinyTeX/texmf-dist/tex/generic/pgf/basiclayer/pgfcorescopes.code.tex
File: pgfcorescopes.code.tex 2023-01-15 v3.1.10 (3.1.10)
\pgfpic=\box64
\pgf@hbox=\box65
\pgf@layerbox@main=\box66
\pgf@picture@serial@count=\count303
) (c:/Users/deivi/AppData/Roaming/TinyTeX/texmf-dist/tex/generic/pgf/basiclayer/pgfcoregraphicstate.code.tex
File: pgfcoregraphicstate.code.tex 2023-01-15 v3.1.10 (3.1.10)
\pgflinewidth=\dimen271
) (c:/Users/deivi/AppData/Roaming/TinyTeX/texmf-dist/tex/generic/pgf/basiclayer/pgfcoretransformations.code.tex
File: pgfcoretransformations.code.tex 2023-01-15 v3.1.10 (3.1.10)
\pgf@pt@x=\dimen272
\pgf@pt@y=\dimen273
\pgf@pt@temp=\dimen274
) (c:/Users/deivi/AppData/Roaming/TinyTeX/texmf-dist/tex/generic/pgf/basiclayer/pgfcorequick.code.tex
File: pgfcorequick.code.tex 2023-01-15 v3.1.10 (3.1.10)
) (c:/Users/deivi/AppData/Roaming/TinyTeX/texmf-dist/tex/generic/pgf/basiclayer/pgfcoreobjects.code.tex
File: pgfcoreobjects.code.tex 2023-01-15 v3.1.10 (3.1.10)
) (c:/Users/deivi/AppData/Roaming/TinyTeX/texmf-dist/tex/generic/pgf/basiclayer/pgfcorepathprocessing.code.tex
File: pgfcorepathprocessing.code.tex 2023-01-15 v3.1.10 (3.1.10)
) (c:/Users/deivi/AppData/Roaming/TinyTeX/texmf-dist/tex/generic/pgf/basiclayer/pgfcorearrows.code.tex
File: pgfcorearrows.code.tex 2023-01-15 v3.1.10 (3.1.10)
\pgfarrowsep=\dimen275
) (c:/Users/deivi/AppData/Roaming/TinyTeX/texmf-dist/tex/generic/pgf/basiclayer/pgfcoreshade.code.tex
File: pgfcoreshade.code.tex 2023-01-15 v3.1.10 (3.1.10)
\pgf@max=\dimen276
\pgf@sys@shading@range@num=\count304
\pgf@shadingcount=\count305
) (c:/Users/deivi/AppData/Roaming/TinyTeX/texmf-dist/tex/generic/pgf/basiclayer/pgfcoreimage.code.tex
File: pgfcoreimage.code.tex 2023-01-15 v3.1.10 (3.1.10)
) (c:/Users/deivi/AppData/Roaming/TinyTeX/texmf-dist/tex/generic/pgf/basiclayer/pgfcoreexternal.code.tex
File: pgfcoreexternal.code.tex 2023-01-15 v3.1.10 (3.1.10)
\pgfexternal@startupbox=\box67
) (c:/Users/deivi/AppData/Roaming/TinyTeX/texmf-dist/tex/generic/pgf/basiclayer/pgfcorelayers.code.tex
File: pgfcorelayers.code.tex 2023-01-15 v3.1.10 (3.1.10)
) (c:/Users/deivi/AppData/Roaming/TinyTeX/texmf-dist/tex/generic/pgf/basiclayer/pgfcoretransparency.code.tex
File: pgfcoretransparency.code.tex 2023-01-15 v3.1.10 (3.1.10)
) (c:/Users/deivi/AppData/Roaming/TinyTeX/texmf-dist/tex/generic/pgf/basiclayer/pgfcorepatterns.code.tex
File: pgfcorepatterns.code.tex 2023-01-15 v3.1.10 (3.1.10)
) (c:/Users/deivi/AppData/Roaming/TinyTeX/texmf-dist/tex/generic/pgf/basiclayer/pgfcorerdf.code.tex
File: pgfcorerdf.code.tex 2023-01-15 v3.1.10 (3.1.10)
))) (c:/Users/deivi/AppData/Roaming/TinyTeX/texmf-dist/tex/generic/pgf/modules/pgfmoduleshapes.code.tex
File: pgfmoduleshapes.code.tex 2023-01-15 v3.1.10 (3.1.10)
\pgfnodeparttextbox=\box68
) (c:/Users/deivi/AppData/Roaming/TinyTeX/texmf-dist/tex/generic/pgf/modules/pgfmoduleplot.code.tex
File: pgfmoduleplot.code.tex 2023-01-15 v3.1.10 (3.1.10)
) (c:/Users/deivi/AppData/Roaming/TinyTeX/texmf-dist/tex/latex/pgf/compatibility/pgfcomp-version-0-65.sty
Package: pgfcomp-version-0-65 2023-01-15 v3.1.10 (3.1.10)
\pgf@nodesepstart=\dimen277
\pgf@nodesepend=\dimen278
) (c:/Users/deivi/AppData/Roaming/TinyTeX/texmf-dist/tex/latex/pgf/compatibility/pgfcomp-version-1-18.sty
Package: pgfcomp-version-1-18 2023-01-15 v3.1.10 (3.1.10)
)) (c:/Users/deivi/AppData/Roaming/TinyTeX/texmf-dist/tex/latex/pgf/utilities/pgffor.sty (c:/Users/deivi/AppData/Roaming/TinyTeX/texmf-dist/tex/latex/pgf/utilities/pgfkeys.sty (c:/Users/deivi/AppData/Roaming/TinyTeX/texmf-dist/tex/generic/pgf/utilities/pgfkeys.code.tex)) (c:/Users/deivi/AppData/Roaming/TinyTeX/texmf-dist/tex/latex/pgf/math/pgfmath.sty (c:/Users/deivi/AppData/Roaming/TinyTeX/texmf-dist/tex/generic/pgf/math/pgfmath.code.tex)) (c:/Users/deivi/AppData/Roaming/TinyTeX/texmf-dist/tex/generic/pgf/utilities/pgffor.code.tex
Package: pgffor 2023-01-15 v3.1.10 (3.1.10)
\pgffor@iter=\dimen279
\pgffor@skip=\dimen280
\pgffor@stack=\toks38
\pgffor@toks=\toks39
)) (c:/Users/deivi/AppData/Roaming/TinyTeX/texmf-dist/tex/generic/pgf/frontendlayer/tikz/tikz.code.tex
Package: tikz 2023-01-15 v3.1.10 (3.1.10)
(c:/Users/deivi/AppData/Roaming/TinyTeX/texmf-dist/tex/generic/pgf/libraries/pgflibraryplothandlers.code.tex
File: pgflibraryplothandlers.code.tex 2023-01-15 v3.1.10 (3.1.10)
\pgf@plot@mark@count=\count306
\pgfplotmarksize=\dimen281
)
\tikz@lastx=\dimen282
\tikz@lasty=\dimen283
\tikz@lastxsaved=\dimen284
\tikz@lastysaved=\dimen285
\tikz@lastmovetox=\dimen286
\tikz@lastmovetoy=\dimen287
\tikzleveldistance=\dimen288
\tikzsiblingdistance=\dimen289
\tikz@figbox=\box69
\tikz@figbox@bg=\box70
\tikz@tempbox=\box71
\tikz@tempbox@bg=\box72
\tikztreelevel=\count307
\tikznumberofchildren=\count308
\tikznumberofcurrentchild=\count309
\tikz@fig@count=\count310
(c:/Users/deivi/AppData/Roaming/TinyTeX/texmf-dist/tex/generic/pgf/modules/pgfmodulematrix.code.tex
File: pgfmodulematrix.code.tex 2023-01-15 v3.1.10 (3.1.10)
\pgfmatrixcurrentrow=\count311
\pgfmatrixcurrentcolumn=\count312
\pgf@matrix@numberofcolumns=\count313
)
\tikz@expandcount=\count314
(c:/Users/deivi/AppData/Roaming/TinyTeX/texmf-dist/tex/generic/pgf/frontendlayer/tikz/libraries/tikzlibrarytopaths.code.tex
File: tikzlibrarytopaths.code.tex 2023-01-15 v3.1.10 (3.1.10)
))) (c:/Users/deivi/AppData/Roaming/TinyTeX/texmf-dist/tex/latex/float/float.sty
Package: float 2001/11/08 v1.3d Float enhancements (AL)
\c@float@type=\count315
\float@exts=\toks40
\float@box=\box73
\@float@everytoks=\toks41
\@floatcapt=\box74
) (c:/Users/deivi/AppData/Roaming/TinyTeX/texmf-dist/tex/latex/fancyhdr/fancyhdr.sty
Package: fancyhdr 2022/11/09 v4.1 Extensive control of page headers and footers
\f@nch@headwidth=\skip63
\f@nch@O@elh=\skip64
\f@nch@O@erh=\skip65
\f@nch@O@olh=\skip66
\f@nch@O@orh=\skip67
\f@nch@O@elf=\skip68
\f@nch@O@erf=\skip69
\f@nch@O@olf=\skip70
\f@nch@O@orf=\skip71
) (c:/Users/deivi/AppData/Roaming/TinyTeX/texmf-dist/tex/latex/amscls/amsthm.sty
Package: amsthm 2020/05/29 v2.20.6
\thm@style=\toks42
\thm@bodyfont=\toks43
\thm@headfont=\toks44
\thm@notefont=\toks45
\thm@headpunct=\toks46
\thm@preskip=\skip72
\thm@postskip=\skip73
\thm@headsep=\skip74
\dth@everypar=\toks47
) (c:/Users/deivi/AppData/Roaming/TinyTeX/texmf-dist/tex/latex/jknapltx/mathrsfs.sty
Package: mathrsfs 1996/01/01 Math RSFS package v1.0 (jk)
\symrsfs=\mathgroup6
) (c:/Users/deivi/AppData/Roaming/TinyTeX/texmf-dist/tex/latex/listings/listings.sty
\lst@mode=\count316
\lst@gtempboxa=\box75
\lst@token=\toks48
\lst@length=\count317
\lst@currlwidth=\dimen290
\lst@column=\count318
\lst@pos=\count319
\lst@lostspace=\dimen291
\lst@width=\dimen292
\lst@newlines=\count320
\lst@lineno=\count321
\lst@maxwidth=\dimen293
(c:/Users/deivi/AppData/Roaming/TinyTeX/texmf-dist/tex/latex/listings/lstmisc.sty
File: lstmisc.sty 2020/03/24 1.8d (Carsten Heinz)
\c@lstnumber=\count322
\lst@skipnumbers=\count323
\lst@framebox=\box76
) (c:/Users/deivi/AppData/Roaming/TinyTeX/texmf-dist/tex/latex/listings/listings.cfg
File: listings.cfg 2020/03/24 1.8d listings configuration
))
Package: listings 2020/03/24 1.8d (Carsten Heinz)
(c:/Users/deivi/AppData/Roaming/TinyTeX/texmf-dist/tex/latex/multirow/multirow.sty
Package: multirow 2021/03/15 v2.8 Span multiple rows of a table
\multirow@colwidth=\skip75
\multirow@cntb=\count324
\multirow@dima=\skip76
\bigstrutjot=\dimen294
) (c:/Users/deivi/AppData/Roaming/TinyTeX/texmf-dist/tex/latex/wrapfig/wrapfig.sty
\wrapoverhang=\dimen295
\WF@size=\dimen296
\c@WF@wrappedlines=\count325
\WF@box=\box77
\WF@everypar=\toks49
Package: wrapfig 2003/01/31  v 3.6
) (c:/Users/deivi/AppData/Roaming/TinyTeX/texmf-dist/tex/latex/colortbl/colortbl.sty
Package: colortbl 2022/06/20 v1.0f Color table columns (DPC)
\everycr=\toks50
\minrowclearance=\skip77
\rownum=\count326
) (c:/Users/deivi/AppData/Roaming/TinyTeX/texmf-dist/tex/latex/pdflscape/pdflscape.sty
Package: pdflscape 2022-10-27 v0.13 Display of landscape pages in PDF
(c:/Users/deivi/AppData/Roaming/TinyTeX/texmf-dist/tex/latex/pdflscape/pdflscape-nometadata.sty
Package: pdflscape-nometadata 2022-10-28 v0.13 Display of landscape pages in PDF (HO)
(c:/Users/deivi/AppData/Roaming/TinyTeX/texmf-dist/tex/latex/graphics/lscape.sty
Package: lscape 2020/05/28 v3.02 Landscape Pages (DPC)
)
Package pdflscape Info: Auto-detected driver: pdftex on input line 81.
)) (c:/Users/deivi/AppData/Roaming/TinyTeX/texmf-dist/tex/latex/tabu/tabu.sty
Package: tabu 2019/01/11 v2.9 - flexible LaTeX tabulars (FC+tabu-fixed)
(c:/Users/deivi/AppData/Roaming/TinyTeX/texmf-dist/tex/latex/varwidth/varwidth.sty
Package: varwidth 2009/03/30 ver 0.92;  Variable-width minipages
\@vwid@box=\box78
\sift@deathcycles=\count327
\@vwid@loff=\dimen297
\@vwid@roff=\dimen298
)
\c@taburow=\count328
\tabu@nbcols=\count329
\tabu@cnt=\count330
\tabu@Xcol=\count331
\tabu@alloc=\count332
\tabu@nested=\count333
\tabu@target=\dimen299
\tabu@spreadtarget=\dimen300
\tabu@naturalX=\dimen301
\tabucolX=\dimen302
\tabu@Xsum=\dimen303
\extrarowdepth=\dimen304
\abovetabulinesep=\dimen305
\belowtabulinesep=\dimen306
\tabustrutrule=\dimen307
\tabu@thebody=\toks51
\tabu@footnotes=\toks52
\tabu@box=\box79
\tabu@arstrutbox=\box80
\tabu@hleads=\box81
\tabu@vleads=\box82
\tabu@cellskip=\skip78
) (c:/Users/deivi/AppData/Roaming/TinyTeX/texmf-dist/tex/latex/threeparttable/threeparttable.sty
Package: threeparttable 2003/06/13  v 3.0
\@tempboxb=\box83
) (c:/Users/deivi/AppData/Roaming/TinyTeX/texmf-dist/tex/latex/threeparttablex/threeparttablex.sty
Package: threeparttablex 2013/07/23 v0.3 by daleif
(c:/Users/deivi/AppData/Roaming/TinyTeX/texmf-dist/tex/latex/environ/environ.sty
Package: environ 2014/05/04 v0.3 A new way to define environments
(c:/Users/deivi/AppData/Roaming/TinyTeX/texmf-dist/tex/latex/trimspaces/trimspaces.sty
Package: trimspaces 2009/09/17 v1.1 Trim spaces around a token list
))
\TPTL@width=\skip79
) (c:/Users/deivi/AppData/Roaming/TinyTeX/texmf-dist/tex/generic/ulem/ulem.sty
\UL@box=\box84
\UL@hyphenbox=\box85
\UL@skip=\skip80
\UL@hook=\toks53
\UL@height=\dimen308
\UL@pe=\count334
\UL@pixel=\dimen309
\ULC@box=\box86
Package: ulem 2019/11/18
\ULdepth=\dimen310
) (c:/Users/deivi/AppData/Roaming/TinyTeX/texmf-dist/tex/latex/makecell/makecell.sty
Package: makecell 2009/08/03 V0.1e Managing of Tab Column Heads and Cells
\rotheadsize=\dimen311
\c@nlinenum=\count335
\TeXr@lab=\toks54
) (c:/Users/deivi/AppData/Roaming/TinyTeX/texmf-dist/tex/latex/natbib/natbib.sty
Package: natbib 2010/09/13 8.31b (PWD, AO)
\bibhang=\skip81
\bibsep=\skip82
LaTeX Info: Redefining \cite on input line 694.
\c@NAT@ctr=\count336
)
\citation{montgomery2021introduction}

Package natbib Warning: Citation `montgomery2021introduction' undefined on input line 150.

\citation{conover1998practical}

Package natbib Warning: Citation `conover1998practical' undefined on input line 150.

\citation{gibbons2020nonparametric}

Package natbib Warning: Citation `gibbons2020nonparametric' undefined on input line 150.

(c:/Users/deivi/AppData/Roaming/TinyTeX/texmf-dist/tex/latex/hyperref/hyperref.sty
Package: hyperref 2022-11-13 v7.00u Hypertext links for LaTeX
(c:/Users/deivi/AppData/Roaming/TinyTeX/texmf-dist/tex/generic/ltxcmds/ltxcmds.sty
Package: ltxcmds 2020-05-10 v1.25 LaTeX kernel commands for general use (HO)
) (c:/Users/deivi/AppData/Roaming/TinyTeX/texmf-dist/tex/generic/pdftexcmds/pdftexcmds.sty
Package: pdftexcmds 2020-06-27 v0.33 Utility functions of pdfTeX for LuaTeX (HO)
(c:/Users/deivi/AppData/Roaming/TinyTeX/texmf-dist/tex/generic/infwarerr/infwarerr.sty
Package: infwarerr 2019/12/03 v1.5 Providing info/warning/error messages (HO)
)
Package pdftexcmds Info: \pdf@primitive is available.
Package pdftexcmds Info: \pdf@ifprimitive is available.
Package pdftexcmds Info: \pdfdraftmode found.
) (c:/Users/deivi/AppData/Roaming/TinyTeX/texmf-dist/tex/latex/kvsetkeys/kvsetkeys.sty
Package: kvsetkeys 2022-10-05 v1.19 Key value parser (HO)
) (c:/Users/deivi/AppData/Roaming/TinyTeX/texmf-dist/tex/generic/kvdefinekeys/kvdefinekeys.sty
Package: kvdefinekeys 2019-12-19 v1.6 Define keys (HO)
) (c:/Users/deivi/AppData/Roaming/TinyTeX/texmf-dist/tex/generic/pdfescape/pdfescape.sty
Package: pdfescape 2019/12/09 v1.15 Implements pdfTeX's escape features (HO)
) (c:/Users/deivi/AppData/Roaming/TinyTeX/texmf-dist/tex/latex/hycolor/hycolor.sty
Package: hycolor 2020-01-27 v1.10 Color options for hyperref/bookmark (HO)
) (c:/Users/deivi/AppData/Roaming/TinyTeX/texmf-dist/tex/latex/letltxmacro/letltxmacro.sty
Package: letltxmacro 2019/12/03 v1.6 Let assignment for LaTeX macros (HO)
) (c:/Users/deivi/AppData/Roaming/TinyTeX/texmf-dist/tex/latex/auxhook/auxhook.sty
Package: auxhook 2019-12-17 v1.6 Hooks for auxiliary files (HO)
) (c:/Users/deivi/AppData/Roaming/TinyTeX/texmf-dist/tex/latex/hyperref/nameref.sty
Package: nameref 2022-05-17 v2.50 Cross-referencing by name of section
(c:/Users/deivi/AppData/Roaming/TinyTeX/texmf-dist/tex/latex/refcount/refcount.sty
Package: refcount 2019/12/15 v3.6 Data extraction from label references (HO)
) (c:/Users/deivi/AppData/Roaming/TinyTeX/texmf-dist/tex/generic/gettitlestring/gettitlestring.sty
Package: gettitlestring 2019/12/15 v1.6 Cleanup title references (HO)
(c:/Users/deivi/AppData/Roaming/TinyTeX/texmf-dist/tex/latex/kvoptions/kvoptions.sty
Package: kvoptions 2022-06-15 v3.15 Key value format for package options (HO)
))
\c@section@level=\count337
)
\@linkdim=\dimen312
\Hy@linkcounter=\count338
\Hy@pagecounter=\count339
(c:/Users/deivi/AppData/Roaming/TinyTeX/texmf-dist/tex/latex/hyperref/pd1enc.def
File: pd1enc.def 2022-11-13 v7.00u Hyperref: PDFDocEncoding definition (HO)
Now handling font encoding PD1 ...
... no UTF-8 mapping file for font encoding PD1
) (c:/Users/deivi/AppData/Roaming/TinyTeX/texmf-dist/tex/generic/intcalc/intcalc.sty
Package: intcalc 2019/12/15 v1.3 Expandable calculations with integers (HO)
) (c:/Users/deivi/AppData/Roaming/TinyTeX/texmf-dist/tex/generic/etexcmds/etexcmds.sty
Package: etexcmds 2019/12/15 v1.7 Avoid name clashes with e-TeX commands (HO)
)
\Hy@SavedSpaceFactor=\count340
(c:/Users/deivi/AppData/Roaming/TinyTeX/texmf-dist/tex/latex/hyperref/puenc.def
File: puenc.def 2022-11-13 v7.00u Hyperref: PDF Unicode definition (HO)
Now handling font encoding PU ...
... no UTF-8 mapping file for font encoding PU
)
Package hyperref Info: Option `unicode' set `true' on input line 4045.
Package hyperref Info: Hyper figures OFF on input line 4162.
Package hyperref Info: Link nesting OFF on input line 4167.
Package hyperref Info: Hyper index ON on input line 4170.
Package hyperref Info: Plain pages OFF on input line 4177.
Package hyperref Info: Backreferencing OFF on input line 4182.
Package hyperref Info: Implicit mode ON; LaTeX internals redefined.
Package hyperref Info: Bookmarks ON on input line 4410.
\c@Hy@tempcnt=\count341
(c:/Users/deivi/AppData/Roaming/TinyTeX/texmf-dist/tex/latex/url/url.sty
\Urlmuskip=\muskip17
Package: url 2013/09/16  ver 3.4  Verb mode for urls, etc.
)
LaTeX Info: Redefining \url on input line 4748.
\XeTeXLinkMargin=\dimen313
(c:/Users/deivi/AppData/Roaming/TinyTeX/texmf-dist/tex/generic/bitset/bitset.sty
Package: bitset 2019/12/09 v1.3 Handle bit-vector datatype (HO)
(c:/Users/deivi/AppData/Roaming/TinyTeX/texmf-dist/tex/generic/bigintcalc/bigintcalc.sty
Package: bigintcalc 2019/12/15 v1.5 Expandable calculations on big integers (HO)
))
\Fld@menulength=\count342
\Field@Width=\dimen314
\Fld@charsize=\dimen315
Package hyperref Info: Hyper figures OFF on input line 6027.
Package hyperref Info: Link nesting OFF on input line 6032.
Package hyperref Info: Hyper index ON on input line 6035.
Package hyperref Info: backreferencing OFF on input line 6042.
Package hyperref Info: Link coloring OFF on input line 6047.
Package hyperref Info: Link coloring with OCG OFF on input line 6052.
Package hyperref Info: PDF/A mode OFF on input line 6057.
(c:/Users/deivi/AppData/Roaming/TinyTeX/texmf-dist/tex/latex/base/atbegshi-ltx.sty
Package: atbegshi-ltx 2021/01/10 v1.0c Emulation of the original atbegshi
package with kernel methods
)
\Hy@abspage=\count343
\c@Item=\count344
\c@Hfootnote=\count345
)
Package hyperref Info: Driver (autodetected): hpdftex.
(c:/Users/deivi/AppData/Roaming/TinyTeX/texmf-dist/tex/latex/hyperref/hpdftex.def
File: hpdftex.def 2022-11-13 v7.00u Hyperref driver for pdfTeX
(c:/Users/deivi/AppData/Roaming/TinyTeX/texmf-dist/tex/latex/base/atveryend-ltx.sty
Package: atveryend-ltx 2020/08/19 v1.0a Emulation of the original atveryend package
with kernel methods
)
\Fld@listcount=\count346
\c@bookmark@seq@number=\count347
(c:/Users/deivi/AppData/Roaming/TinyTeX/texmf-dist/tex/latex/rerunfilecheck/rerunfilecheck.sty
Package: rerunfilecheck 2022-07-10 v1.10 Rerun checks for auxiliary files (HO)
(c:/Users/deivi/AppData/Roaming/TinyTeX/texmf-dist/tex/generic/uniquecounter/uniquecounter.sty
Package: uniquecounter 2019/12/15 v1.4 Provide unlimited unique counter (HO)
)
Package uniquecounter Info: New unique counter `rerunfilecheck' on input line 285.
)
\Hy@SectionHShift=\skip83
) (c:/Users/deivi/AppData/Roaming/TinyTeX/texmf-dist/tex/latex/l3backend/l3backend-pdftex.def
File: l3backend-pdftex.def 2023-01-16 L3 backend support: PDF output (pdfTeX)
\l__color_backend_stack_int=\count348
\l__pdf_internal_box=\box87
)
No file _main.aux.
\openout1 = `_main.aux'.

LaTeX Font Info:    Checking defaults for OML/cmm/m/it on input line 164.
LaTeX Font Info:    ... okay on input line 164.
LaTeX Font Info:    Checking defaults for OMS/cmsy/m/n on input line 164.
LaTeX Font Info:    ... okay on input line 164.
LaTeX Font Info:    Checking defaults for OT1/cmr/m/n on input line 164.
LaTeX Font Info:    ... okay on input line 164.
LaTeX Font Info:    Checking defaults for T1/cmr/m/n on input line 164.
LaTeX Font Info:    ... okay on input line 164.
LaTeX Font Info:    Checking defaults for TS1/cmr/m/n on input line 164.
LaTeX Font Info:    ... okay on input line 164.
LaTeX Font Info:    Checking defaults for OMX/cmex/m/n on input line 164.
LaTeX Font Info:    ... okay on input line 164.
LaTeX Font Info:    Checking defaults for U/cmr/m/n on input line 164.
LaTeX Font Info:    ... okay on input line 164.
LaTeX Font Info:    Checking defaults for PD1/pdf/m/n on input line 164.
LaTeX Font Info:    ... okay on input line 164.
LaTeX Font Info:    Checking defaults for PU/pdf/m/n on input line 164.
LaTeX Font Info:    ... okay on input line 164.
(c:/Users/deivi/AppData/Roaming/TinyTeX/texmf-dist/tex/latex/epstopdf-pkg/epstopdf-base.sty
Package: epstopdf-base 2020-01-24 v2.11 Base part for package epstopdf
Package epstopdf-base Info: Redefining graphics rule for `.eps' on input line 485.
(c:/Users/deivi/AppData/Roaming/TinyTeX/texmf-dist/tex/latex/latexconfig/epstopdf-sys.cfg
File: epstopdf-sys.cfg 2010/07/13 v1.3 Configuration of (r)epstopdf for TeX Live
))
*geometry* driver: auto-detecting
*geometry* detected driver: pdftex
*geometry* verbose mode - [ preamble ] result:
* driver: pdftex
* paper: a4paper
* layout: <same size as paper>
* layoutoffset:(h,v)=(0.0pt,0.0pt)
* modes: 
* h-part:(L,W,R)=(72.26999pt, 452.9679pt, 72.26999pt)
* v-part:(T,H,B)=(72.26999pt, 700.50687pt, 72.26999pt)
* \paperwidth=597.50787pt
* \paperheight=845.04684pt
* \textwidth=452.9679pt
* \textheight=700.50687pt
* \oddsidemargin=0.0pt
* \evensidemargin=0.0pt
* \topmargin=-30.06749pt
* \headheight=12.0pt
* \headsep=18.06749pt
* \topskip=10.0pt
* \footskip=25.29494pt
* \marginparwidth=61.0pt
* \marginparsep=7.0pt
* \columnsep=10.0pt
* \skip\footins=9.0pt plus 4.0pt minus 2.0pt
* \hoffset=0.0pt
* \voffset=0.0pt
* \mag=1000
* \@twocolumnfalse
* \@twosidefalse
* \@mparswitchfalse
* \@reversemarginfalse
* (1in=72.27pt=25.4mm, 1cm=28.453pt)

LaTeX Info: Redefining \. on input line 164.
LaTeX Info: Redefining \% on input line 164.
\c@lstlisting=\count349
Package hyperref Info: Link coloring OFF on input line 164.
\@outlinefile=\write5
\openout5 = `_main.out'.

LaTeX Font Info:    Trying to load font information for OT1+lmr on input line 166.
(c:/Users/deivi/AppData/Roaming/TinyTeX/texmf-dist/tex/latex/lm/ot1lmr.fd
File: ot1lmr.fd 2015/05/01 v1.6.1 Font defs for Latin Modern
)
LaTeX Font Info:    Trying to load font information for OML+lmm on input line 166.
(c:/Users/deivi/AppData/Roaming/TinyTeX/texmf-dist/tex/latex/lm/omllmm.fd
File: omllmm.fd 2015/05/01 v1.6.1 Font defs for Latin Modern
)
LaTeX Font Info:    Trying to load font information for OMS+lmsy on input line 166.
(c:/Users/deivi/AppData/Roaming/TinyTeX/texmf-dist/tex/latex/lm/omslmsy.fd
File: omslmsy.fd 2015/05/01 v1.6.1 Font defs for Latin Modern
)
LaTeX Font Info:    Trying to load font information for OMX+lmex on input line 166.
(c:/Users/deivi/AppData/Roaming/TinyTeX/texmf-dist/tex/latex/lm/omxlmex.fd
File: omxlmex.fd 2015/05/01 v1.6.1 Font defs for Latin Modern
)
LaTeX Font Info:    External font `lmex10' loaded for size
(Font)              <12> on input line 166.
LaTeX Font Info:    External font `lmex10' loaded for size
(Font)              <8> on input line 166.
LaTeX Font Info:    External font `lmex10' loaded for size
(Font)              <6> on input line 166.
LaTeX Font Info:    Trying to load font information for U+msa on input line 166.
(c:/Users/deivi/AppData/Roaming/TinyTeX/texmf-dist/tex/latex/amsfonts/umsa.fd
File: umsa.fd 2013/01/14 v3.01 AMS symbols A
)
LaTeX Font Info:    Trying to load font information for U+msb on input line 166.
(c:/Users/deivi/AppData/Roaming/TinyTeX/texmf-dist/tex/latex/amsfonts/umsb.fd
File: umsb.fd 2013/01/14 v3.01 AMS symbols B
)
LaTeX Font Info:    Trying to load font information for U+rsfs on input line 166.
(c:/Users/deivi/AppData/Roaming/TinyTeX/texmf-dist/tex/latex/jknapltx/ursfs.fd
File: ursfs.fd 1998/03/24 rsfs font definition file (jk)
) [1


{c:/Users/deivi/AppData/Roaming/TinyTeX/texmf-var/fonts/map/pdftex/updmap/pdftex.map}]
No file _main.toc.
\tf@toc=\write6
\openout6 = `_main.toc'.


pdfTeX warning (ext4): destination with the same identifier (name{page.1}) has been already used, duplicate ignored
<to be read again> 
                   \relax 
l.172 \chapter*{Prefacio}\label{prefacio}}
                                           [1

]
LaTeX Font Info:    External font `lmex10' loaded for size
(Font)              <10> on input line 205.
LaTeX Font Info:    External font `lmex10' loaded for size
(Font)              <7> on input line 205.
LaTeX Font Info:    External font `lmex10' loaded for size
(Font)              <5> on input line 205.
[2

]
LaTeX Info: Redefining \. on input line 249.
LaTeX Info: Redefining \% on input line 249.
[3] [4

] [5

]

Package longtable Warning: Column widths have changed
(longtable)                in table 2 on input line 327.

[6] [7

]
<_main_files/figure-latex/unnamed-chunk-3-1.pdf, id=83, 469.755pt x 289.08pt>
File: _main_files/figure-latex/unnamed-chunk-3-1.pdf Graphic file (type pdf)
<use _main_files/figure-latex/unnamed-chunk-3-1.pdf>
Package pdftex.def Info: _main_files/figure-latex/unnamed-chunk-3-1.pdf  used on input line 424.
(pdftex.def)             Requested size: 452.96669pt x 278.74872pt.
[8

] [9 <./_main_files/figure-latex/unnamed-chunk-3-1.pdf>]
Cap\'{\i }tulo 1.
[10

]
LaTeX Info: Redefining \. on input line 539.
LaTeX Info: Redefining \% on input line 539.
[11]
LaTeX Info: Redefining \. on input line 574.
LaTeX Info: Redefining \% on input line 574.
[12]
LaTeX Info: Redefining \. on input line 604.
LaTeX Info: Redefining \% on input line 604.
[13]
LaTeX Info: Redefining \. on input line 645.
LaTeX Info: Redefining \% on input line 645.
[14]
LaTeX Info: Redefining \. on input line 687.
LaTeX Info: Redefining \% on input line 687.
[15]
LaTeX Info: Redefining \. on input line 725.
LaTeX Info: Redefining \% on input line 725.
[16]
LaTeX Info: Redefining \. on input line 753.
LaTeX Info: Redefining \% on input line 753.
[17]
LaTeX Info: Redefining \. on input line 795.
LaTeX Info: Redefining \% on input line 795.
[18]
LaTeX Info: Redefining \. on input line 829.
LaTeX Info: Redefining \% on input line 829.
[19]
LaTeX Info: Redefining \. on input line 868.
LaTeX Info: Redefining \% on input line 868.
[20]
Cap\'{\i }tulo 2.
[21

]
LaTeX Info: Redefining \. on input line 971.
LaTeX Info: Redefining \% on input line 971.
[22]
LaTeX Info: Redefining \. on input line 1013.
LaTeX Info: Redefining \% on input line 1013.
[23]
LaTeX Info: Redefining \. on input line 1049.
LaTeX Info: Redefining \% on input line 1049.
[24]
LaTeX Info: Redefining \. on input line 1087.
LaTeX Info: Redefining \% on input line 1087.
[25]
LaTeX Font Info:    Trying to load font information for T1+lmtt on input line 1136.
(c:/Users/deivi/AppData/Roaming/TinyTeX/texmf-dist/tex/latex/lm/t1lmtt.fd
File: t1lmtt.fd 2015/05/01 v1.6.1 Font defs for Latin Modern
)
<_main_files/figure-latex/unnamed-chunk-6-1.pdf, id=203, 469.755pt x 289.08pt>
File: _main_files/figure-latex/unnamed-chunk-6-1.pdf Graphic file (type pdf)
<use _main_files/figure-latex/unnamed-chunk-6-1.pdf>
Package pdftex.def Info: _main_files/figure-latex/unnamed-chunk-6-1.pdf  used on input line 1160.
(pdftex.def)             Requested size: 452.96669pt x 278.74872pt.
LaTeX Info: Redefining \. on input line 1160.
LaTeX Info: Redefining \% on input line 1160.
[26]
LaTeX Info: Redefining \. on input line 1210.
LaTeX Info: Redefining \% on input line 1210.
[27 <./_main_files/figure-latex/unnamed-chunk-6-1.pdf>]
<_main_files/figure-latex/unnamed-chunk-14-1.pdf, id=228, 469.755pt x 289.08pt>
File: _main_files/figure-latex/unnamed-chunk-14-1.pdf Graphic file (type pdf)
<use _main_files/figure-latex/unnamed-chunk-14-1.pdf>
Package pdftex.def Info: _main_files/figure-latex/unnamed-chunk-14-1.pdf  used on input line 1240.
(pdftex.def)             Requested size: 452.96669pt x 278.74872pt.
LaTeX Info: Redefining \. on input line 1245.
LaTeX Info: Redefining \% on input line 1245.
[28 <./_main_files/figure-latex/unnamed-chunk-14-1.pdf>]
Cap\'{\i }tulo 3.
LaTeX Font Info:    External font `lmex10' loaded for size
(Font)              <14.4> on input line 1250.
[29

]
LaTeX Info: Redefining \. on input line 1302.
LaTeX Info: Redefining \% on input line 1302.
[30]
LaTeX Info: Redefining \. on input line 1339.
LaTeX Info: Redefining \% on input line 1339.
[31]
LaTeX Info: Redefining \. on input line 1383.
LaTeX Info: Redefining \% on input line 1383.
[32]
LaTeX Info: Redefining \. on input line 1409.
LaTeX Info: Redefining \% on input line 1409.
[33]
LaTeX Info: Redefining \. on input line 1450.
LaTeX Info: Redefining \% on input line 1450.
[34]
LaTeX Info: Redefining \. on input line 1487.
LaTeX Info: Redefining \% on input line 1487.
[35]
Overfull \hbox (39.18929pt too wide) detected at line 1491
\OT1/lmr/bx/n/10 P [] \OT1/lmr/m/n/10 = 1 \OMS/lmsy/m/n/10 ^^@ \OML/lmm/m/it/10 
 []


Overfull \hbox (86.4533pt too wide) detected at line 1493
\OT1/lmr/bx/n/10 P [] \OT1/lmr/m/n/10 = 1 \OMS/lmsy/m/n/10 ^^@ \OML/lmm/m/it/10 
 []


Overfull \hbox (29.93643pt too wide) detected at line 1497
\OML/lmm/m/it/10 ^^L[] \OT1/lmr/m/n/10 + \OML/lmm/m/it/10 ^^L[]x[] \OT1/lmr/m/n/10 + \OML/lmm/m/it/10 ^^O \OMS/lmsy/m/n/10 2 [] \OML/lmm/m/it/10 :
 []

LaTeX Info: Redefining \. on input line 1537.
LaTeX Info: Redefining \% on input line 1537.
[36]
LaTeX Info: Redefining \. on input line 1607.
LaTeX Info: Redefining \% on input line 1607.
[37]
<_main_files/figure-latex/unnamed-chunk-25-1.pdf, id=296, 469.755pt x 289.08pt>
File: _main_files/figure-latex/unnamed-chunk-25-1.pdf Graphic file (type pdf)
<use _main_files/figure-latex/unnamed-chunk-25-1.pdf>
Package pdftex.def Info: _main_files/figure-latex/unnamed-chunk-25-1.pdf  used on input line 1617.
(pdftex.def)             Requested size: 452.96669pt x 278.74872pt.
LaTeX Info: Redefining \. on input line 1658.
LaTeX Info: Redefining \% on input line 1658.
[38 <./_main_files/figure-latex/unnamed-chunk-25-1.pdf>]
Cap\'{\i }tulo 4.

LaTeX Warning: Command \' invalid in math mode on input line 1694.


LaTeX Warning: Command \' invalid in math mode on input line 1694.

[39

]

LaTeX Warning: Command \' invalid in math mode on input line 1732.


LaTeX Warning: Command \' invalid in math mode on input line 1732.

LaTeX Info: Redefining \. on input line 1748.
LaTeX Info: Redefining \% on input line 1748.
[40]

LaTeX Warning: Command \' invalid in math mode on input line 1761.


LaTeX Warning: Command \' invalid in math mode on input line 1761.


LaTeX Warning: Command \' invalid in math mode on input line 1764.

LaTeX Info: Redefining \. on input line 1802.
LaTeX Info: Redefining \% on input line 1802.
[41]
LaTeX Info: Redefining \. on input line 1845.
LaTeX Info: Redefining \% on input line 1845.
[42]
LaTeX Info: Redefining \. on input line 1892.
LaTeX Info: Redefining \% on input line 1892.
[43]

LaTeX Warning: Command \' invalid in math mode on input line 1907.


LaTeX Warning: Command \' invalid in math mode on input line 1947.


LaTeX Warning: Command \' invalid in math mode on input line 1948.


LaTeX Warning: Command \' invalid in math mode on input line 1948.


LaTeX Warning: Command \' invalid in math mode on input line 1949.


LaTeX Warning: Command \' invalid in math mode on input line 1949.


LaTeX Warning: Command \' invalid in math mode on input line 1950.


LaTeX Warning: Command \' invalid in math mode on input line 1951.


LaTeX Warning: Command \' invalid in math mode on input line 1952.


LaTeX Warning: Command \' invalid in math mode on input line 1953.

LaTeX Info: Redefining \. on input line 1956.
LaTeX Info: Redefining \% on input line 1956.
[44]
LaTeX Info: Redefining \. on input line 2004.
LaTeX Info: Redefining \% on input line 2004.
[45]
LaTeX Info: Redefining \. on input line 2073.
LaTeX Info: Redefining \% on input line 2073.
[46]
LaTeX Info: Redefining \. on input line 2082.
LaTeX Info: Redefining \% on input line 2082.
[47]
Cap\'{\i }tulo 5.
[48

]

LaTeX Warning: Command \' invalid in math mode on input line 2115.


LaTeX Warning: Command \' invalid in math mode on input line 2127.


LaTeX Warning: Command \' invalid in math mode on input line 2130.


LaTeX Warning: Command \' invalid in math mode on input line 2133.


LaTeX Warning: Command \' invalid in math mode on input line 2147.

LaTeX Info: Redefining \. on input line 2158.
LaTeX Info: Redefining \% on input line 2158.
[49]
<_main_files/figure-latex/unnamed-chunk-33-1.pdf, id=388, 469.755pt x 289.08pt>
File: _main_files/figure-latex/unnamed-chunk-33-1.pdf Graphic file (type pdf)
<use _main_files/figure-latex/unnamed-chunk-33-1.pdf>
Package pdftex.def Info: _main_files/figure-latex/unnamed-chunk-33-1.pdf  used on input line 2171.
(pdftex.def)             Requested size: 452.96669pt x 278.74872pt.
<_main_files/figure-latex/unnamed-chunk-34-1.pdf, id=389, 469.755pt x 289.08pt>
File: _main_files/figure-latex/unnamed-chunk-34-1.pdf Graphic file (type pdf)
<use _main_files/figure-latex/unnamed-chunk-34-1.pdf>
Package pdftex.def Info: _main_files/figure-latex/unnamed-chunk-34-1.pdf  used on input line 2173.
(pdftex.def)             Requested size: 452.96669pt x 278.74872pt.
LaTeX Info: Redefining \. on input line 2173.
LaTeX Info: Redefining \% on input line 2173.
[50 <./_main_files/figure-latex/unnamed-chunk-33-1.pdf>]
LaTeX Info: Redefining \. on input line 2191.
LaTeX Info: Redefining \% on input line 2191.
[51 <./_main_files/figure-latex/unnamed-chunk-34-1.pdf>]
<_main_files/figure-latex/unnamed-chunk-35-1.pdf, id=432, 469.755pt x 289.08pt>
File: _main_files/figure-latex/unnamed-chunk-35-1.pdf Graphic file (type pdf)
<use _main_files/figure-latex/unnamed-chunk-35-1.pdf>
Package pdftex.def Info: _main_files/figure-latex/unnamed-chunk-35-1.pdf  used on input line 2203.
(pdftex.def)             Requested size: 452.96669pt x 278.74872pt.
<_main_files/figure-latex/unnamed-chunk-35-2.pdf, id=433, 469.755pt x 289.08pt>
File: _main_files/figure-latex/unnamed-chunk-35-2.pdf Graphic file (type pdf)
<use _main_files/figure-latex/unnamed-chunk-35-2.pdf>
Package pdftex.def Info: _main_files/figure-latex/unnamed-chunk-35-2.pdf  used on input line 2205.
(pdftex.def)             Requested size: 452.96669pt x 278.74872pt.
LaTeX Info: Redefining \. on input line 2205.
LaTeX Info: Redefining \% on input line 2205.
[52 <./_main_files/figure-latex/unnamed-chunk-35-1.pdf>]
Overfull \hbox (21.65079pt too wide) detected at line 2221
[][] \OT1/lmr/m/n/10 :  []   \OML/lmm/m/it/10 ^^[[] \OT1/lmr/m/n/10 = \OML/lmm/m/it/10 ^^[[]    vs    [][] \OT1/lmr/m/n/10 :  []   \OML/lmm/m/it/10 ^^[[] \OMS/lmsy/m/n/10 6\OT1/lmr/m/n/10 = \OML/lmm/m/it/10 ^^[[]    \OMS/lmsy/m/n/10 8  \OML/lmm/m/it/10 j \OT1/lmr/m/n/10 = 1\OML/lmm/m/it/10 ; [] ; n:
 []

LaTeX Info: Redefining \. on input line 2228.
LaTeX Info: Redefining \% on input line 2228.
[53 <./_main_files/figure-latex/unnamed-chunk-35-2.pdf>]
Overfull \hbox (19.42857pt too wide) detected at line 2254
[][] \OT1/lmr/m/n/10 :  []   \OML/lmm/m/it/10 ^^[[] \OT1/lmr/m/n/10 = \OML/lmm/m/it/10 ^^[[]    vs    [][] \OT1/lmr/m/n/10 :  []   \OML/lmm/m/it/10 ^^[[] \OMS/lmsy/m/n/10 6\OT1/lmr/m/n/10 = \OML/lmm/m/it/10 ^^[[]    \OMS/lmsy/m/n/10 8 \OML/lmm/m/it/10 j \OT1/lmr/m/n/10 = 1\OML/lmm/m/it/10 ; [] ; n:
 []

LaTeX Info: Redefining \. on input line 2265.
LaTeX Info: Redefining \% on input line 2265.
[54]
<_main_files/figure-latex/unnamed-chunk-41-1.pdf, id=481, 469.755pt x 289.08pt>
File: _main_files/figure-latex/unnamed-chunk-41-1.pdf Graphic file (type pdf)
<use _main_files/figure-latex/unnamed-chunk-41-1.pdf>
Package pdftex.def Info: _main_files/figure-latex/unnamed-chunk-41-1.pdf  used on input line 2318.
(pdftex.def)             Requested size: 452.96669pt x 278.74872pt.
LaTeX Info: Redefining \. on input line 2318.
LaTeX Info: Redefining \% on input line 2318.
[55]
<_main_files/figure-latex/unnamed-chunk-43-1.pdf, id=488, 469.755pt x 289.08pt>
File: _main_files/figure-latex/unnamed-chunk-43-1.pdf Graphic file (type pdf)
<use _main_files/figure-latex/unnamed-chunk-43-1.pdf>
Package pdftex.def Info: _main_files/figure-latex/unnamed-chunk-43-1.pdf  used on input line 2343.
(pdftex.def)             Requested size: 452.96669pt x 278.74872pt.
LaTeX Info: Redefining \. on input line 2351.
LaTeX Info: Redefining \% on input line 2351.
[56 <./_main_files/figure-latex/unnamed-chunk-41-1.pdf> <./_main_files/figure-latex/unnamed-chunk-43-1.pdf

pdfTeX warning: pdflatex.exe (file ./_main_files/figure-latex/unnamed-chunk-43-1.pdf): PDF inclusion: multiple pdfs with page group included in a single page
>]
<_main_files/figure-latex/unnamed-chunk-45-1.pdf, id=508, 469.755pt x 289.08pt>
File: _main_files/figure-latex/unnamed-chunk-45-1.pdf Graphic file (type pdf)
<use _main_files/figure-latex/unnamed-chunk-45-1.pdf>
Package pdftex.def Info: _main_files/figure-latex/unnamed-chunk-45-1.pdf  used on input line 2368.
(pdftex.def)             Requested size: 452.96669pt x 278.74872pt.
<_main_files/figure-latex/unnamed-chunk-46-1.pdf, id=509, 469.755pt x 289.08pt>
File: _main_files/figure-latex/unnamed-chunk-46-1.pdf Graphic file (type pdf)
<use _main_files/figure-latex/unnamed-chunk-46-1.pdf>
Package pdftex.def Info: _main_files/figure-latex/unnamed-chunk-46-1.pdf  used on input line 2381.
(pdftex.def)             Requested size: 452.96669pt x 278.74872pt.
LaTeX Info: Redefining \. on input line 2381.
LaTeX Info: Redefining \% on input line 2381.
[57 <./_main_files/figure-latex/unnamed-chunk-45-1.pdf>]
<_main_files/figure-latex/unnamed-chunk-48-1.pdf, id=522, 469.755pt x 289.08pt>
File: _main_files/figure-latex/unnamed-chunk-48-1.pdf Graphic file (type pdf)
<use _main_files/figure-latex/unnamed-chunk-48-1.pdf>
Package pdftex.def Info: _main_files/figure-latex/unnamed-chunk-48-1.pdf  used on input line 2421.
(pdftex.def)             Requested size: 452.96669pt x 278.74872pt.
LaTeX Info: Redefining \. on input line 2421.
LaTeX Info: Redefining \% on input line 2421.
[58 <./_main_files/figure-latex/unnamed-chunk-46-1.pdf>]
<_main_files/figure-latex/unnamed-chunk-49-1.pdf, id=541, 469.755pt x 289.08pt>
File: _main_files/figure-latex/unnamed-chunk-49-1.pdf Graphic file (type pdf)
<use _main_files/figure-latex/unnamed-chunk-49-1.pdf>
Package pdftex.def Info: _main_files/figure-latex/unnamed-chunk-49-1.pdf  used on input line 2427.
(pdftex.def)             Requested size: 452.96669pt x 278.74872pt.
LaTeX Info: Redefining \. on input line 2433.
LaTeX Info: Redefining \% on input line 2433.
[59 <./_main_files/figure-latex/unnamed-chunk-48-1.pdf> <./_main_files/figure-latex/unnamed-chunk-49-1.pdf

pdfTeX warning: pdflatex.exe (file ./_main_files/figure-latex/unnamed-chunk-49-1.pdf): PDF inclusion: multiple pdfs with page group included in a single page
>]
<_main_files/figure-latex/unnamed-chunk-50-1.pdf, id=568, 469.755pt x 289.08pt>
File: _main_files/figure-latex/unnamed-chunk-50-1.pdf Graphic file (type pdf)
<use _main_files/figure-latex/unnamed-chunk-50-1.pdf>
Package pdftex.def Info: _main_files/figure-latex/unnamed-chunk-50-1.pdf  used on input line 2437.
(pdftex.def)             Requested size: 452.96669pt x 278.74872pt.
LaTeX Info: Redefining \. on input line 2477.
LaTeX Info: Redefining \% on input line 2477.
[60 <./_main_files/figure-latex/unnamed-chunk-50-1.pdf>]
Overfull \hbox (8.47163pt too wide) detected at line 2487
[][] \OT1/lmr/m/n/10 : []0   \OML/lmm/m/it/10 vs   [][] \OT1/lmr/m/n/10 : [] \OMS/lmsy/m/n/10 6\OT1/lmr/m/n/10 = 0
 []

LaTeX Info: Redefining \. on input line 2536.
LaTeX Info: Redefining \% on input line 2536.
[61]
<_main_files/figure-latex/unnamed-chunk-55-1.pdf, id=593, 469.755pt x 289.08pt>
File: _main_files/figure-latex/unnamed-chunk-55-1.pdf Graphic file (type pdf)
<use _main_files/figure-latex/unnamed-chunk-55-1.pdf>
Package pdftex.def Info: _main_files/figure-latex/unnamed-chunk-55-1.pdf  used on input line 2537.
(pdftex.def)             Requested size: 452.96669pt x 278.74872pt.
<_main_files/figure-latex/unnamed-chunk-56-1.pdf, id=594, 469.755pt x 289.08pt>
File: _main_files/figure-latex/unnamed-chunk-56-1.pdf Graphic file (type pdf)
<use _main_files/figure-latex/unnamed-chunk-56-1.pdf>
Package pdftex.def Info: _main_files/figure-latex/unnamed-chunk-56-1.pdf  used on input line 2546.
(pdftex.def)             Requested size: 452.96669pt x 278.74872pt.
LaTeX Info: Redefining \. on input line 2546.
LaTeX Info: Redefining \% on input line 2546.
[62 <./_main_files/figure-latex/unnamed-chunk-55-1.pdf>]
<_main_files/figure-latex/unnamed-chunk-57-1.pdf, id=614, 469.755pt x 289.08pt>
File: _main_files/figure-latex/unnamed-chunk-57-1.pdf Graphic file (type pdf)
<use _main_files/figure-latex/unnamed-chunk-57-1.pdf>
Package pdftex.def Info: _main_files/figure-latex/unnamed-chunk-57-1.pdf  used on input line 2561.
(pdftex.def)             Requested size: 452.96669pt x 278.74872pt.
LaTeX Info: Redefining \. on input line 2561.
LaTeX Info: Redefining \% on input line 2561.
[63 <./_main_files/figure-latex/unnamed-chunk-56-1.pdf>]

LaTeX Warning: Command \' invalid in math mode on input line 2573.

LaTeX Info: Redefining \. on input line 2582.
LaTeX Info: Redefining \% on input line 2582.
[64 <./_main_files/figure-latex/unnamed-chunk-57-1.pdf>]
LaTeX Info: Redefining \. on input line 2582.
LaTeX Info: Redefining \% on input line 2582.
[65]
Cap\'{\i }tulo 6.
! Bad character code (-1).
\es@chf ->\char \hyphenchar \font 
                                  
l.2598 ...sando \texttt{install.packages("readr")}
                                                  . 
Here is how much of TeX's memory you used:
 26899 strings out of 478051
 495418 string characters out of 5838773
 1872324 words of memory out of 5000000
 46311 multiletter control sequences out of 15000+600000
 606520 words of font info for 99 fonts, out of 8000000 for 9000
 14 hyphenation exceptions out of 8191
 84i,10n,80p,1042b,556s stack positions out of 10000i,1000n,20000p,200000b,200000s

!  ==> Fatal error occurred, no output PDF file produced!
